<?xml version="1.0" encoding="UTF-8"?>
<testng-results skipped="0" failed="0" ignored="0" total="0" passed="0">
  <reporter-output>
  </reporter-output>
  <suite name="Default suite" duration-ms="4" started-at="2019-08-28T23:54:53Z" finished-at="2019-08-28T23:54:53Z">
    <groups>
    </groups>
    <test name="Default test" duration-ms="4" started-at="2019-08-28T23:54:53Z" finished-at="2019-08-28T23:54:53Z">
      <class name="com.alu.test.BaseTest">
        <test-method status="PASS" signature="beforeSuite()[pri:0, instance:com.alu.test.BaseTest@28feb3fa]" name="beforeSuite" is-config="true" duration-ms="6" started-at="2019-08-28T23:54:53Z" finished-at="2019-08-28T23:54:53Z">
          <reporter-output>
          </reporter-output>
        </test-method> <!-- beforeSuite -->
        <test-method status="PASS" signature="beforeTest()[pri:0, instance:com.alu.test.BaseTest@28feb3fa]" name="beforeTest" is-config="true" duration-ms="1" started-at="2019-08-28T23:54:53Z" finished-at="2019-08-28T23:54:53Z">
          <reporter-output>
          </reporter-output>
        </test-method> <!-- beforeTest -->
        <test-method status="PASS" signature="afterTest()[pri:0, instance:com.alu.test.BaseTest@28feb3fa]" name="afterTest" is-config="true" duration-ms="0" started-at="2019-08-28T23:54:53Z" finished-at="2019-08-28T23:54:53Z">
          <reporter-output>
          </reporter-output>
        </test-method> <!-- afterTest -->
        <test-method status="PASS" signature="afterSuite()[pri:0, instance:com.alu.test.BaseTest@28feb3fa]" name="afterSuite" is-config="true" duration-ms="0" started-at="2019-08-28T23:54:53Z" finished-at="2019-08-28T23:54:53Z">
          <reporter-output>
          </reporter-output>
        </test-method> <!-- afterSuite -->
      </class> <!-- com.alu.test.BaseTest -->
    </test> <!-- Default test -->
  </suite> <!-- Default suite -->
</testng-results>
