<?xml version="1.0" encoding="UTF-8"?>
<testng-results skipped="0" failed="0" ignored="0" total="1" passed="1">
  <reporter-output>
  </reporter-output>
  <suite name="Default suite" duration-ms="25" started-at="2019-10-12T18:11:34Z" finished-at="2019-10-12T18:11:34Z">
    <groups>
    </groups>
    <test name="Default test" duration-ms="25" started-at="2019-10-12T18:11:34Z" finished-at="2019-10-12T18:11:34Z">
      <class name="com.bit.collection.MapPractice">
        <test-method status="PASS" signature="test()[pri:0, instance:com.bit.collection.MapPractice@2a2d45ba]" name="test" duration-ms="7" started-at="2019-10-12T18:11:34Z" finished-at="2019-10-12T18:11:34Z">
          <reporter-output>
          </reporter-output>
        </test-method> <!-- test -->
      </class> <!-- com.bit.collection.MapPractice -->
    </test> <!-- Default test -->
  </suite> <!-- Default suite -->
</testng-results>
